2025-02-27 15:50:06,403 - DataFrameTools - INFO - Inizializzazione DataFrameTools
2025-02-27 15:50:06,405 - DataFrameTools - INFO - Iniziata esecuzione di DataFrameTools.create_df_from_lists_ZPMR_CONTROL_FL2
2025-02-27 15:50:06,410 - DataFrameTools - ERROR - Errore TypeError in DataFrameTools.create_df_from_lists_ZPMR_CONTROL_FL2: DataFrameTools.create_df_from_lists_ZPMR_CONTROL_FL2() takes 4 positional arguments but 5 were given
Traceback (most recent call last):
  File "c:\Users\a259046\OneDrive - Enel Spa\SCRIPT AHK e VBA\GITHUB\FL_Checker_PY\utils\decorators.py", line 46, in wrapper
    result = func(*args, **kwargs)
TypeError: DataFrameTools.create_df_from_lists_ZPMR_CONTROL_FL2() takes 4 positional arguments but 5 were given

2025-02-27 15:50:06,411 - DataFrameTools - WARNING - Errore di tipo: DataFrameTools.create_df_from_lists_ZPMR_CONTROL_FL2() takes 4 positional arguments but 5 were given
2025-02-27 15:50:06,412 - DataFrameTools - INFO - Iniziata esecuzione di DataFrameTools.save_dataframe_to_csv
2025-02-27 15:50:06,414 - DataFrameTools - ERROR - Errore TypeError in DataFrameTools.save_dataframe_to_csv: Il parametro df deve essere un DataFrame Pandas valido
Traceback (most recent call last):
  File "c:\Users\a259046\OneDrive - Enel Spa\SCRIPT AHK e VBA\GITHUB\FL_Checker_PY\utils\decorators.py", line 46, in wrapper
    result = func(*args, **kwargs)
  File "c:\Users\a259046\OneDrive - Enel Spa\SCRIPT AHK e VBA\GITHUB\FL_Checker_PY\DF_Tools.py", line 46, in save_dataframe_to_csv
    raise TypeError("Il parametro df deve essere un DataFrame Pandas valido")
TypeError: Il parametro df deve essere un DataFrame Pandas valido

2025-02-27 15:50:06,414 - DataFrameTools - WARNING - Errore di tipo: Il parametro df deve essere un DataFrame Pandas valido
2025-02-27 15:50:06,415 - DataFrameTools - INFO - Iniziata esecuzione di DataFrameTools.create_df_from_lists_ZPMR_CONTROL_FLn
2025-02-27 15:50:06,415 - DataFrameTools - ERROR - Errore TypeError in DataFrameTools.create_df_from_lists_ZPMR_CONTROL_FLn: DataFrameTools.create_df_from_lists_ZPMR_CONTROL_FLn() takes 3 positional arguments but 4 were given
Traceback (most recent call last):
  File "c:\Users\a259046\OneDrive - Enel Spa\SCRIPT AHK e VBA\GITHUB\FL_Checker_PY\utils\decorators.py", line 46, in wrapper
    result = func(*args, **kwargs)
TypeError: DataFrameTools.create_df_from_lists_ZPMR_CONTROL_FLn() takes 3 positional arguments but 4 were given

2025-02-27 15:50:06,416 - DataFrameTools - WARNING - Errore di tipo: DataFrameTools.create_df_from_lists_ZPMR_CONTROL_FLn() takes 3 positional arguments but 4 were given
2025-02-27 15:50:06,416 - DataFrameTools - INFO - Iniziata esecuzione di DataFrameTools.save_dataframe_to_csv
2025-02-27 15:50:06,417 - DataFrameTools - ERROR - Errore TypeError in DataFrameTools.save_dataframe_to_csv: Il parametro df deve essere un DataFrame Pandas valido
Traceback (most recent call last):
  File "c:\Users\a259046\OneDrive - Enel Spa\SCRIPT AHK e VBA\GITHUB\FL_Checker_PY\utils\decorators.py", line 46, in wrapper
    result = func(*args, **kwargs)
  File "c:\Users\a259046\OneDrive - Enel Spa\SCRIPT AHK e VBA\GITHUB\FL_Checker_PY\DF_Tools.py", line 46, in save_dataframe_to_csv
    raise TypeError("Il parametro df deve essere un DataFrame Pandas valido")
TypeError: Il parametro df deve essere un DataFrame Pandas valido

2025-02-27 15:50:06,420 - DataFrameTools - WARNING - Errore di tipo: Il parametro df deve essere un DataFrame Pandas valido
2025-02-27 15:56:05,239 - DataFrameTools - INFO - Inizializzazione DataFrameTools
2025-02-27 15:56:05,241 - DataFrameTools - INFO - Iniziata esecuzione di DataFrameTools.create_df_from_lists_ZPMR_CONTROL_FL2
2025-02-27 15:56:05,259 - DataFrameTools - INFO - Completata esecuzione di DataFrameTools.create_df_from_lists_ZPMR_CONTROL_FL2 in 0.0165 secondi
2025-02-27 15:56:05,285 - DataFrameTools - INFO - Iniziata esecuzione di DataFrameTools.save_dataframe_to_csv
2025-02-27 15:56:05,305 - DataFrameTools - INFO - Completata esecuzione di DataFrameTools.save_dataframe_to_csv in 0.0185 secondi
2025-02-27 15:56:05,306 - DataFrameTools - INFO - Iniziata esecuzione di DataFrameTools.create_df_from_lists_ZPMR_CONTROL_FLn
2025-02-27 15:56:05,316 - DataFrameTools - INFO - Completata esecuzione di DataFrameTools.create_df_from_lists_ZPMR_CONTROL_FLn in 0.0101 secondi
2025-02-27 15:56:05,324 - DataFrameTools - INFO - Iniziata esecuzione di DataFrameTools.save_dataframe_to_csv
2025-02-27 15:56:05,330 - DataFrameTools - INFO - Completata esecuzione di DataFrameTools.save_dataframe_to_csv in 0.0059 secondi
2025-02-28 09:36:47,059 - DataFrameTools - INFO - Inizializzazione DataFrameTools
2025-02-28 09:39:33,375 - DataFrameTools - INFO - Inizializzazione DataFrameTools
2025-02-28 09:40:45,519 - DataFrameTools - INFO - Iniziata esecuzione di DataFrameTools.trova_differenze
2025-02-28 09:40:45,522 - DataFrameTools - INFO - Completata esecuzione di DataFrameTools.trova_differenze in 0.0013 secondi
2025-02-28 09:40:45,526 - DataFrameTools - INFO - Iniziata esecuzione di DataFrameTools.trova_differenze
2025-02-28 09:40:45,527 - DataFrameTools - INFO - Completata esecuzione di DataFrameTools.trova_differenze in 0.0009 secondi
2025-02-28 09:40:45,529 - DataFrameTools - INFO - Iniziata esecuzione di DataFrameTools.trova_differenze
2025-02-28 09:40:45,530 - DataFrameTools - INFO - Completata esecuzione di DataFrameTools.trova_differenze in 0.0011 secondi
2025-02-28 09:40:45,531 - DataFrameTools - INFO - Iniziata esecuzione di DataFrameTools.trova_differenze
2025-02-28 09:40:45,533 - DataFrameTools - INFO - Completata esecuzione di DataFrameTools.trova_differenze in 0.0006 secondi
2025-02-28 09:40:45,535 - DataFrameTools - INFO - Iniziata esecuzione di DataFrameTools.trova_differenze
2025-02-28 09:40:45,536 - DataFrameTools - INFO - Completata esecuzione di DataFrameTools.trova_differenze in 0.0008 secondi
2025-02-28 09:40:45,537 - DataFrameTools - INFO - Iniziata esecuzione di DataFrameTools.trova_differenze
2025-02-28 09:40:45,538 - DataFrameTools - INFO - Completata esecuzione di DataFrameTools.trova_differenze in 0.0006 secondi
2025-02-28 09:40:45,540 - DataFrameTools - INFO - Iniziata esecuzione di DataFrameTools.trova_differenze
2025-02-28 09:40:45,544 - DataFrameTools - INFO - Completata esecuzione di DataFrameTools.trova_differenze in 0.0028 secondi
2025-02-28 09:40:45,551 - DataFrameTools - INFO - Iniziata esecuzione di DataFrameTools.trova_differenze
2025-02-28 09:40:45,555 - DataFrameTools - INFO - Completata esecuzione di DataFrameTools.trova_differenze in 0.0026 secondi
2025-02-28 09:40:45,560 - DataFrameTools - INFO - Iniziata esecuzione di DataFrameTools.create_df_from_lists_ZPMR_CONTROL_FL2
2025-02-28 09:40:45,568 - DataFrameTools - INFO - Completata esecuzione di DataFrameTools.create_df_from_lists_ZPMR_CONTROL_FL2 in 0.0069 secondi
2025-02-28 09:40:45,570 - DataFrameTools - INFO - Iniziata esecuzione di DataFrameTools.save_dataframe_to_csv
2025-02-28 09:40:45,578 - DataFrameTools - INFO - Completata esecuzione di DataFrameTools.save_dataframe_to_csv in 0.0069 secondi
2025-02-28 09:40:45,589 - DataFrameTools - INFO - Iniziata esecuzione di DataFrameTools.create_df_from_lists_ZPMR_CONTROL_FLn
2025-02-28 09:40:45,597 - DataFrameTools - INFO - Completata esecuzione di DataFrameTools.create_df_from_lists_ZPMR_CONTROL_FLn in 0.0070 secondi
2025-02-28 09:40:45,600 - DataFrameTools - INFO - Iniziata esecuzione di DataFrameTools.save_dataframe_to_csv
2025-02-28 09:40:45,604 - DataFrameTools - INFO - Completata esecuzione di DataFrameTools.save_dataframe_to_csv in 0.0035 secondi
2025-02-28 10:43:22,776 - DataFrameTools - INFO - Inizializzazione DataFrameTools
2025-02-28 10:47:01,055 - DataFrameTools - INFO - Inizializzazione DataFrameTools
2025-02-28 12:44:16,861 - DataFrameTools - INFO - Inizializzazione DataFrameTools
2025-02-28 12:44:28,505 - DataFrameTools - INFO - Iniziata esecuzione di DataFrameTools.add_level_lunghezza
2025-02-28 12:44:28,822 - DataFrameTools - INFO - Completata esecuzione di DataFrameTools.add_level_lunghezza in 0.3153 secondi
2025-02-28 12:49:01,069 - DataFrameTools - INFO - Inizializzazione DataFrameTools
2025-02-28 12:49:06,179 - DataFrameTools - INFO - Iniziata esecuzione di DataFrameTools.add_level_lunghezza
2025-02-28 12:49:06,427 - DataFrameTools - INFO - Completata esecuzione di DataFrameTools.add_level_lunghezza in 0.2472 secondi
2025-02-28 12:49:49,940 - DataFrameTools - INFO - Inizializzazione DataFrameTools
2025-02-28 12:50:09,951 - DataFrameTools - INFO - Iniziata esecuzione di DataFrameTools.add_level_lunghezza
2025-02-28 12:50:10,511 - DataFrameTools - INFO - Completata esecuzione di DataFrameTools.add_level_lunghezza in 0.5585 secondi
2025-02-28 12:51:37,771 - DataFrameTools - INFO - Inizializzazione DataFrameTools
2025-02-28 12:51:52,728 - DataFrameTools - INFO - Iniziata esecuzione di DataFrameTools.add_level_lunghezza
2025-02-28 12:51:53,342 - DataFrameTools - INFO - Completata esecuzione di DataFrameTools.add_level_lunghezza in 0.6138 secondi
2025-02-28 12:54:30,944 - DataFrameTools - INFO - Inizializzazione DataFrameTools
2025-02-28 12:54:49,239 - DataFrameTools - INFO - Iniziata esecuzione di DataFrameTools.add_level_lunghezza
2025-02-28 12:54:50,046 - DataFrameTools - INFO - Completata esecuzione di DataFrameTools.add_level_lunghezza in 0.8063 secondi
2025-02-28 12:55:11,854 - DataFrameTools - INFO - Inizializzazione DataFrameTools
2025-02-28 12:56:07,122 - DataFrameTools - INFO - Iniziata esecuzione di DataFrameTools.add_level_lunghezza
2025-02-28 12:56:07,708 - DataFrameTools - INFO - Completata esecuzione di DataFrameTools.add_level_lunghezza in 0.5851 secondi
2025-02-28 12:59:23,124 - DataFrameTools - INFO - Inizializzazione DataFrameTools
2025-02-28 12:59:39,372 - DataFrameTools - INFO - Iniziata esecuzione di DataFrameTools.add_level_lunghezza
2025-02-28 12:59:39,950 - DataFrameTools - INFO - Completata esecuzione di DataFrameTools.add_level_lunghezza in 0.5764 secondi
2025-02-28 12:59:44,955 - DataFrameTools - INFO - Iniziata esecuzione di DataFrameTools.add_concatenated_column_FL
2025-02-28 12:59:44,966 - DataFrameTools - ERROR - Errore AttributeError in DataFrameTools.add_concatenated_column_FL: 'tuple' object has no attribute 'columns'
Traceback (most recent call last):
  File "c:\Users\a259046\OneDrive - Enel Spa\SCRIPT AHK e VBA\GITHUB\FL_Checker_PY\utils\decorators.py", line 46, in wrapper
    result = func(*args, **kwargs)
  File "c:\Users\a259046\OneDrive - Enel Spa\SCRIPT AHK e VBA\GITHUB\FL_Checker_PY\DF_Tools.py", line 793, in add_concatenated_column_FL
    if not all(col in df.columns for col in required_cols):
           ~~~^^^^^^^^^^^^^^^^^^^^^^^^^^^^^^^^^^^^^^^^^^^^
  File "c:\Users\a259046\OneDrive - Enel Spa\SCRIPT AHK e VBA\GITHUB\FL_Checker_PY\DF_Tools.py", line 793, in <genexpr>
    if not all(col in df.columns for col in required_cols):
                      ^^^^^^^^^^
AttributeError: 'tuple' object has no attribute 'columns'

2025-02-28 13:04:41,029 - DataFrameTools - INFO - Inizializzazione DataFrameTools
2025-02-28 13:04:58,702 - DataFrameTools - INFO - Iniziata esecuzione di DataFrameTools.add_level_lunghezza
2025-02-28 13:04:59,269 - DataFrameTools - INFO - Completata esecuzione di DataFrameTools.add_level_lunghezza in 0.5659 secondi
2025-02-28 13:07:13,122 - DataFrameTools - INFO - Iniziata esecuzione di DataFrameTools.add_concatenated_column_FL
2025-02-28 13:07:13,300 - DataFrameTools - INFO - Completata esecuzione di DataFrameTools.add_concatenated_column_FL in 0.1741 secondi
2025-02-28 17:08:44,755 - DataFrameTools - INFO - Inizializzazione DataFrameTools
2025-02-28 17:09:32,916 - DataFrameTools - INFO - Inizializzazione DataFrameTools
2025-02-28 17:10:49,089 - DataFrameTools - INFO - Iniziata esecuzione di DataFrameTools.add_level_lunghezza
2025-02-28 17:10:49,671 - DataFrameTools - INFO - Completata esecuzione di DataFrameTools.add_level_lunghezza in 0.5813 secondi
2025-02-28 17:11:17,547 - DataFrameTools - INFO - Iniziata esecuzione di DataFrameTools.add_concatenated_column_FL
2025-02-28 17:11:17,700 - DataFrameTools - INFO - Completata esecuzione di DataFrameTools.add_concatenated_column_FL in 0.1522 secondi
2025-02-28 17:15:24,163 - DataFrameTools - INFO - Inizializzazione DataFrameTools
2025-02-28 17:15:30,902 - DataFrameTools - INFO - Iniziata esecuzione di DataFrameTools.add_level_lunghezza
2025-02-28 17:15:31,086 - DataFrameTools - INFO - Completata esecuzione di DataFrameTools.add_level_lunghezza in 0.1837 secondi
2025-02-28 17:15:31,109 - DataFrameTools - INFO - Iniziata esecuzione di DataFrameTools.add_concatenated_column_FL
2025-02-28 17:15:31,132 - DataFrameTools - INFO - Completata esecuzione di DataFrameTools.add_concatenated_column_FL in 0.0218 secondi
2025-02-28 17:24:29,166 - DataFrameTools - INFO - Inizializzazione DataFrameTools
2025-02-28 17:28:44,324 - DataFrameTools - INFO - Iniziata esecuzione di DataFrameTools.add_level_lunghezza
2025-02-28 17:28:44,632 - DataFrameTools - INFO - Completata esecuzione di DataFrameTools.add_level_lunghezza in 0.2966 secondi
2025-02-28 17:28:44,696 - DataFrameTools - INFO - Iniziata esecuzione di DataFrameTools.add_concatenated_column_FL
2025-02-28 17:28:44,722 - DataFrameTools - INFO - Completata esecuzione di DataFrameTools.add_concatenated_column_FL in 0.0251 secondi
2025-02-28 17:48:02,385 - DataFrameTools - INFO - Inizializzazione DataFrameTools
2025-02-28 17:48:12,911 - DataFrameTools - INFO - Iniziata esecuzione di DataFrameTools.add_level_lunghezza
2025-02-28 17:48:13,101 - DataFrameTools - INFO - Completata esecuzione di DataFrameTools.add_level_lunghezza in 0.1893 secondi
2025-02-28 17:48:13,123 - DataFrameTools - INFO - Iniziata esecuzione di DataFrameTools.add_concatenated_column_FL
2025-02-28 17:48:13,148 - DataFrameTools - INFO - Completata esecuzione di DataFrameTools.add_concatenated_column_FL in 0.0237 secondi
2025-02-28 22:25:07,051 - DataFrameTools - INFO - Inizializzazione DataFrameTools
2025-02-28 22:25:24,894 - DataFrameTools - INFO - Iniziata esecuzione di DataFrameTools.add_level_lunghezza
2025-02-28 22:25:25,146 - DataFrameTools - INFO - Completata esecuzione di DataFrameTools.add_level_lunghezza in 0.2502 secondi
2025-02-28 22:25:25,172 - DataFrameTools - INFO - Iniziata esecuzione di DataFrameTools.add_concatenated_column_FL
2025-02-28 22:25:25,202 - DataFrameTools - INFO - Completata esecuzione di DataFrameTools.add_concatenated_column_FL in 0.0293 secondi
2025-02-28 22:55:49,354 - DataFrameTools - INFO - Inizializzazione DataFrameTools
2025-02-28 22:56:00,919 - DataFrameTools - INFO - Iniziata esecuzione di DataFrameTools.add_level_lunghezza
2025-02-28 22:56:01,160 - DataFrameTools - INFO - Completata esecuzione di DataFrameTools.add_level_lunghezza in 0.2400 secondi
2025-02-28 22:56:01,186 - DataFrameTools - INFO - Iniziata esecuzione di DataFrameTools.add_concatenated_column_FL
2025-02-28 22:56:01,211 - DataFrameTools - INFO - Completata esecuzione di DataFrameTools.add_concatenated_column_FL in 0.0249 secondi
2025-02-28 23:10:00,368 - DataFrameTools - INFO - Inizializzazione DataFrameTools
2025-02-28 23:10:08,320 - DataFrameTools - INFO - Iniziata esecuzione di DataFrameTools.add_level_lunghezza
2025-02-28 23:10:08,551 - DataFrameTools - INFO - Completata esecuzione di DataFrameTools.add_level_lunghezza in 0.2299 secondi
2025-02-28 23:10:08,578 - DataFrameTools - INFO - Iniziata esecuzione di DataFrameTools.add_concatenated_column_FL
2025-02-28 23:10:08,601 - DataFrameTools - INFO - Completata esecuzione di DataFrameTools.add_concatenated_column_FL in 0.0222 secondi
2025-02-28 23:17:27,862 - DataFrameTools - INFO - Inizializzazione DataFrameTools
2025-02-28 23:17:45,685 - DataFrameTools - INFO - Iniziata esecuzione di DataFrameTools.add_level_lunghezza
2025-02-28 23:17:45,924 - DataFrameTools - INFO - Completata esecuzione di DataFrameTools.add_level_lunghezza in 0.2381 secondi
2025-02-28 23:17:45,951 - DataFrameTools - INFO - Iniziata esecuzione di DataFrameTools.add_concatenated_column_FL
2025-02-28 23:17:45,975 - DataFrameTools - INFO - Completata esecuzione di DataFrameTools.add_concatenated_column_FL in 0.0222 secondi
2025-02-28 23:22:21,712 - DataFrameTools - INFO - Inizializzazione DataFrameTools
2025-02-28 23:22:28,833 - DataFrameTools - INFO - Iniziata esecuzione di DataFrameTools.add_level_lunghezza
2025-02-28 23:22:29,043 - DataFrameTools - INFO - Completata esecuzione di DataFrameTools.add_level_lunghezza in 0.2088 secondi
2025-02-28 23:22:29,071 - DataFrameTools - INFO - Iniziata esecuzione di DataFrameTools.add_concatenated_column_FL
2025-02-28 23:22:29,097 - DataFrameTools - INFO - Completata esecuzione di DataFrameTools.add_concatenated_column_FL in 0.0259 secondi
2025-02-28 23:23:05,824 - DataFrameTools - INFO - Iniziata esecuzione di DataFrameTools.add_level_lunghezza
2025-02-28 23:23:05,882 - DataFrameTools - INFO - Completata esecuzione di DataFrameTools.add_level_lunghezza in 0.0568 secondi
2025-02-28 23:23:40,405 - DataFrameTools - INFO - Iniziata esecuzione di DataFrameTools.add_concatenated_column_FL
2025-02-28 23:23:40,424 - DataFrameTools - INFO - Completata esecuzione di DataFrameTools.add_concatenated_column_FL in 0.0185 secondi
2025-02-28 23:28:49,929 - DataFrameTools - INFO - Inizializzazione DataFrameTools
2025-02-28 23:28:57,292 - DataFrameTools - INFO - Iniziata esecuzione di DataFrameTools.add_level_lunghezza
2025-02-28 23:28:57,542 - DataFrameTools - INFO - Completata esecuzione di DataFrameTools.add_level_lunghezza in 0.2489 secondi
2025-02-28 23:28:57,566 - DataFrameTools - INFO - Iniziata esecuzione di DataFrameTools.add_concatenated_column_FL
2025-02-28 23:28:57,597 - DataFrameTools - INFO - Completata esecuzione di DataFrameTools.add_concatenated_column_FL in 0.0298 secondi
2025-02-28 23:30:15,839 - DataFrameTools - INFO - Iniziata esecuzione di DataFrameTools.add_level_lunghezza
2025-02-28 23:30:15,922 - DataFrameTools - INFO - Completata esecuzione di DataFrameTools.add_level_lunghezza in 0.0808 secondi
2025-02-28 23:30:34,410 - DataFrameTools - INFO - Iniziata esecuzione di DataFrameTools.add_concatenated_column_FL
2025-02-28 23:30:34,429 - DataFrameTools - INFO - Completata esecuzione di DataFrameTools.add_concatenated_column_FL in 0.0177 secondi
2025-02-28 23:35:37,288 - DataFrameTools - INFO - Inizializzazione DataFrameTools
2025-02-28 23:35:51,043 - DataFrameTools - INFO - Iniziata esecuzione di DataFrameTools.add_level_lunghezza
2025-02-28 23:35:51,485 - DataFrameTools - INFO - Completata esecuzione di DataFrameTools.add_level_lunghezza in 0.4398 secondi
2025-02-28 23:35:51,615 - DataFrameTools - INFO - Iniziata esecuzione di DataFrameTools.add_concatenated_column_FL
2025-02-28 23:35:51,651 - DataFrameTools - INFO - Completata esecuzione di DataFrameTools.add_concatenated_column_FL in 0.0354 secondi
2025-02-28 23:36:11,940 - DataFrameTools - INFO - Iniziata esecuzione di DataFrameTools.add_level_lunghezza
2025-02-28 23:36:12,028 - DataFrameTools - INFO - Completata esecuzione di DataFrameTools.add_level_lunghezza in 0.0869 secondi
2025-02-28 23:36:12,029 - DataFrameTools - INFO - Iniziata esecuzione di DataFrameTools.add_concatenated_column_FL
2025-02-28 23:36:12,053 - DataFrameTools - INFO - Completata esecuzione di DataFrameTools.add_concatenated_column_FL in 0.0237 secondi
2025-03-03 12:12:11,296 - DataFrameTools - INFO - Inizializzazione DataFrameTools
2025-03-03 12:14:20,974 - DataFrameTools - INFO - Iniziata esecuzione di DataFrameTools.add_level_lunghezza
2025-03-03 12:14:21,120 - DataFrameTools - INFO - Completata esecuzione di DataFrameTools.add_level_lunghezza in 0.1458 secondi
2025-03-03 12:14:21,143 - DataFrameTools - INFO - Iniziata esecuzione di DataFrameTools.add_concatenated_column_FL
2025-03-03 12:14:21,158 - DataFrameTools - INFO - Completata esecuzione di DataFrameTools.add_concatenated_column_FL in 0.0142 secondi
2025-03-03 12:14:21,232 - DataFrameTools - INFO - Iniziata esecuzione di DataFrameTools.add_level_lunghezza
2025-03-03 12:14:21,258 - DataFrameTools - INFO - Completata esecuzione di DataFrameTools.add_level_lunghezza in 0.0258 secondi
2025-03-03 12:14:21,259 - DataFrameTools - INFO - Iniziata esecuzione di DataFrameTools.add_concatenated_column_FL
2025-03-03 12:14:21,263 - DataFrameTools - INFO - Completata esecuzione di DataFrameTools.add_concatenated_column_FL in 0.0036 secondi
2025-03-03 14:39:45,164 - DataFrameTools - INFO - Inizializzazione DataFrameTools
2025-03-03 14:40:00,560 - DataFrameTools - INFO - Iniziata esecuzione di DataFrameTools.add_level_lunghezza
2025-03-03 14:40:00,663 - DataFrameTools - INFO - Completata esecuzione di DataFrameTools.add_level_lunghezza in 0.1022 secondi
2025-03-03 14:40:00,684 - DataFrameTools - INFO - Iniziata esecuzione di DataFrameTools.add_concatenated_column_FL
2025-03-03 14:40:00,697 - DataFrameTools - INFO - Completata esecuzione di DataFrameTools.add_concatenated_column_FL in 0.0127 secondi
2025-03-03 14:40:00,759 - DataFrameTools - INFO - Iniziata esecuzione di DataFrameTools.add_level_lunghezza
2025-03-03 14:40:00,790 - DataFrameTools - INFO - Completata esecuzione di DataFrameTools.add_level_lunghezza in 0.0304 secondi
2025-03-03 14:40:00,791 - DataFrameTools - INFO - Iniziata esecuzione di DataFrameTools.add_concatenated_column_FL
2025-03-03 14:40:00,795 - DataFrameTools - INFO - Completata esecuzione di DataFrameTools.add_concatenated_column_FL in 0.0039 secondi
2025-03-03 14:40:28,582 - DataFrameTools - INFO - Iniziata esecuzione di DataFrameTools.trova_differenze
2025-03-03 14:40:28,583 - DataFrameTools - INFO - Completata esecuzione di DataFrameTools.trova_differenze in 0.0010 secondi
2025-03-03 14:40:28,587 - DataFrameTools - INFO - Iniziata esecuzione di DataFrameTools.trova_differenze
2025-03-03 14:40:28,588 - DataFrameTools - INFO - Completata esecuzione di DataFrameTools.trova_differenze in 0.0005 secondi
2025-03-03 14:40:28,589 - DataFrameTools - INFO - Iniziata esecuzione di DataFrameTools.trova_differenze
2025-03-03 14:40:28,590 - DataFrameTools - INFO - Completata esecuzione di DataFrameTools.trova_differenze in 0.0004 secondi
2025-03-03 14:40:28,592 - DataFrameTools - INFO - Iniziata esecuzione di DataFrameTools.trova_differenze
2025-03-03 14:40:28,593 - DataFrameTools - INFO - Completata esecuzione di DataFrameTools.trova_differenze in 0.0003 secondi
2025-03-03 14:40:28,594 - DataFrameTools - INFO - Iniziata esecuzione di DataFrameTools.trova_differenze
2025-03-03 14:40:28,595 - DataFrameTools - INFO - Completata esecuzione di DataFrameTools.trova_differenze in 0.0004 secondi
2025-03-03 14:40:28,597 - DataFrameTools - INFO - Iniziata esecuzione di DataFrameTools.trova_differenze
2025-03-03 14:40:28,597 - DataFrameTools - INFO - Completata esecuzione di DataFrameTools.trova_differenze in 0.0003 secondi
2025-03-03 14:40:28,599 - DataFrameTools - INFO - Iniziata esecuzione di DataFrameTools.trova_differenze
2025-03-03 14:40:28,601 - DataFrameTools - INFO - Completata esecuzione di DataFrameTools.trova_differenze in 0.0021 secondi
2025-03-03 14:40:28,603 - DataFrameTools - INFO - Iniziata esecuzione di DataFrameTools.trova_differenze
2025-03-03 14:40:28,605 - DataFrameTools - INFO - Completata esecuzione di DataFrameTools.trova_differenze in 0.0017 secondi
2025-03-03 14:40:28,608 - DataFrameTools - INFO - Iniziata esecuzione di DataFrameTools.create_df_from_lists_ZPMR_CONTROL_FL2
2025-03-03 14:40:28,613 - DataFrameTools - INFO - Completata esecuzione di DataFrameTools.create_df_from_lists_ZPMR_CONTROL_FL2 in 0.0046 secondi
2025-03-03 14:40:28,615 - DataFrameTools - INFO - Iniziata esecuzione di DataFrameTools.save_dataframe_to_csv
2025-03-03 14:40:28,619 - DataFrameTools - INFO - Completata esecuzione di DataFrameTools.save_dataframe_to_csv in 0.0038 secondi
2025-03-03 14:40:28,629 - DataFrameTools - INFO - Iniziata esecuzione di DataFrameTools.create_df_from_lists_ZPMR_CONTROL_FLn
2025-03-03 14:40:28,636 - DataFrameTools - INFO - Completata esecuzione di DataFrameTools.create_df_from_lists_ZPMR_CONTROL_FLn in 0.0062 secondi
2025-03-03 14:40:28,638 - DataFrameTools - INFO - Iniziata esecuzione di DataFrameTools.save_dataframe_to_csv
2025-03-03 14:40:28,642 - DataFrameTools - INFO - Completata esecuzione di DataFrameTools.save_dataframe_to_csv in 0.0040 secondi
2025-03-04 13:22:49,885 - DataFrameTools - INFO - Inizializzazione DataFrameTools
2025-03-04 13:25:48,870 - DataFrameTools - INFO - Inizializzazione DataFrameTools
2025-03-04 13:27:58,250 - DataFrameTools - INFO - Iniziata esecuzione di DataFrameTools.add_level_lunghezza
2025-03-04 13:27:58,931 - DataFrameTools - INFO - Completata esecuzione di DataFrameTools.add_level_lunghezza in 0.6747 secondi
2025-03-04 13:27:58,966 - DataFrameTools - INFO - Iniziata esecuzione di DataFrameTools.add_concatenated_column_FL
2025-03-04 13:27:59,054 - DataFrameTools - INFO - Completata esecuzione di DataFrameTools.add_concatenated_column_FL in 0.0881 secondi
2025-03-04 13:28:21,542 - DataFrameTools - INFO - Iniziata esecuzione di DataFrameTools.add_level_lunghezza
2025-03-04 13:28:21,574 - DataFrameTools - INFO - Completata esecuzione di DataFrameTools.add_level_lunghezza in 0.0303 secondi
2025-03-04 13:28:21,574 - DataFrameTools - INFO - Iniziata esecuzione di DataFrameTools.add_concatenated_column_FL
2025-03-04 13:28:21,579 - DataFrameTools - INFO - Completata esecuzione di DataFrameTools.add_concatenated_column_FL in 0.0038 secondi
2025-03-04 13:32:44,589 - DataFrameTools - INFO - Inizializzazione DataFrameTools
2025-03-04 13:33:05,644 - DataFrameTools - INFO - Iniziata esecuzione di DataFrameTools.add_level_lunghezza
2025-03-04 13:33:06,734 - DataFrameTools - INFO - Completata esecuzione di DataFrameTools.add_level_lunghezza in 1.0859 secondi
2025-03-04 13:33:06,823 - DataFrameTools - INFO - Iniziata esecuzione di DataFrameTools.add_concatenated_column_FL
2025-03-04 13:33:06,983 - DataFrameTools - INFO - Completata esecuzione di DataFrameTools.add_concatenated_column_FL in 0.1590 secondi
2025-03-04 13:33:11,376 - DataFrameTools - INFO - Iniziata esecuzione di DataFrameTools.add_level_lunghezza
2025-03-04 13:33:11,411 - DataFrameTools - INFO - Completata esecuzione di DataFrameTools.add_level_lunghezza in 0.0340 secondi
2025-03-04 13:33:11,413 - DataFrameTools - INFO - Iniziata esecuzione di DataFrameTools.add_concatenated_column_FL
2025-03-04 13:33:11,417 - DataFrameTools - INFO - Completata esecuzione di DataFrameTools.add_concatenated_column_FL in 0.0041 secondi
2025-03-04 13:35:15,481 - DataFrameTools - INFO - Iniziata esecuzione di DataFrameTools.save_dataframe_to_csv
2025-03-04 13:35:15,626 - DataFrameTools - ERROR - Errore ValueError in DataFrameTools.save_dataframe_to_csv: file_path deve essere una stringa valida
Traceback (most recent call last):
  File "c:\Users\a259046\OneDrive - Enel Spa\SCRIPT AHK e VBA\GITHUB\FL_Checker_PY\utils\decorators.py", line 46, in wrapper
    result = func(*args, **kwargs)
  File "c:\Users\a259046\OneDrive - Enel Spa\SCRIPT AHK e VBA\GITHUB\FL_Checker_PY\DF_Tools.py", line 185, in save_dataframe_to_csv
    raise ValueError("file_path deve essere una stringa valida")
ValueError: file_path deve essere una stringa valida

2025-03-04 13:35:15,628 - DataFrameTools - WARNING - Errore di validazione: file_path deve essere una stringa valida
2025-03-04 13:35:15,911 - DataFrameTools - INFO - Iniziata esecuzione di DataFrameTools.save_dataframe_to_csv
2025-03-04 13:35:15,924 - DataFrameTools - ERROR - Errore ValueError in DataFrameTools.save_dataframe_to_csv: file_path deve essere una stringa valida
Traceback (most recent call last):
  File "c:\Users\a259046\OneDrive - Enel Spa\SCRIPT AHK e VBA\GITHUB\FL_Checker_PY\utils\decorators.py", line 46, in wrapper
    result = func(*args, **kwargs)
  File "c:\Users\a259046\OneDrive - Enel Spa\SCRIPT AHK e VBA\GITHUB\FL_Checker_PY\DF_Tools.py", line 185, in save_dataframe_to_csv
    raise ValueError("file_path deve essere una stringa valida")
ValueError: file_path deve essere una stringa valida

2025-03-04 13:35:15,925 - DataFrameTools - WARNING - Errore di validazione: file_path deve essere una stringa valida
2025-03-04 13:35:18,351 - DataFrameTools - INFO - Iniziata esecuzione di DataFrameTools.save_dataframe_to_csv
2025-03-04 13:35:18,355 - DataFrameTools - ERROR - Errore ValueError in DataFrameTools.save_dataframe_to_csv: file_path deve essere una stringa valida
Traceback (most recent call last):
  File "c:\Users\a259046\OneDrive - Enel Spa\SCRIPT AHK e VBA\GITHUB\FL_Checker_PY\utils\decorators.py", line 46, in wrapper
    result = func(*args, **kwargs)
  File "c:\Users\a259046\OneDrive - Enel Spa\SCRIPT AHK e VBA\GITHUB\FL_Checker_PY\DF_Tools.py", line 185, in save_dataframe_to_csv
    raise ValueError("file_path deve essere una stringa valida")
ValueError: file_path deve essere una stringa valida

2025-03-04 13:35:18,360 - DataFrameTools - WARNING - Errore di validazione: file_path deve essere una stringa valida
2025-03-04 13:35:21,037 - DataFrameTools - INFO - Iniziata esecuzione di DataFrameTools.save_dataframe_to_csv
2025-03-04 13:35:21,039 - DataFrameTools - ERROR - Errore ValueError in DataFrameTools.save_dataframe_to_csv: file_path deve essere una stringa valida
Traceback (most recent call last):
  File "c:\Users\a259046\OneDrive - Enel Spa\SCRIPT AHK e VBA\GITHUB\FL_Checker_PY\utils\decorators.py", line 46, in wrapper
    result = func(*args, **kwargs)
  File "c:\Users\a259046\OneDrive - Enel Spa\SCRIPT AHK e VBA\GITHUB\FL_Checker_PY\DF_Tools.py", line 185, in save_dataframe_to_csv
    raise ValueError("file_path deve essere una stringa valida")
ValueError: file_path deve essere una stringa valida

2025-03-04 13:35:21,041 - DataFrameTools - WARNING - Errore di validazione: file_path deve essere una stringa valida
2025-03-04 13:35:22,181 - DataFrameTools - INFO - Iniziata esecuzione di DataFrameTools.trova_differenze
2025-03-04 13:35:22,193 - DataFrameTools - INFO - Completata esecuzione di DataFrameTools.trova_differenze in 0.0112 secondi
2025-03-04 13:35:22,194 - DataFrameTools - INFO - Iniziata esecuzione di DataFrameTools.trova_differenze
2025-03-04 13:35:22,202 - DataFrameTools - INFO - Completata esecuzione di DataFrameTools.trova_differenze in 0.0076 secondi
2025-03-04 13:35:22,218 - DataFrameTools - INFO - Iniziata esecuzione di DataFrameTools.trova_differenze
2025-03-04 13:35:22,223 - DataFrameTools - INFO - Completata esecuzione di DataFrameTools.trova_differenze in 0.0039 secondi
2025-03-04 13:35:22,224 - DataFrameTools - INFO - Iniziata esecuzione di DataFrameTools.trova_differenze
2025-03-04 13:35:22,228 - DataFrameTools - INFO - Completata esecuzione di DataFrameTools.trova_differenze in 0.0040 secondi
2025-03-04 13:35:22,229 - DataFrameTools - INFO - Iniziata esecuzione di DataFrameTools.trova_differenze
2025-03-04 13:35:22,231 - DataFrameTools - INFO - Completata esecuzione di DataFrameTools.trova_differenze in 0.0020 secondi
2025-03-04 13:35:22,232 - DataFrameTools - INFO - Iniziata esecuzione di DataFrameTools.trova_differenze
2025-03-04 13:35:22,235 - DataFrameTools - INFO - Completata esecuzione di DataFrameTools.trova_differenze in 0.0024 secondi
2025-03-04 13:35:22,235 - DataFrameTools - INFO - Iniziata esecuzione di DataFrameTools.trova_differenze
2025-03-04 13:35:22,333 - DataFrameTools - INFO - Completata esecuzione di DataFrameTools.trova_differenze in 0.0971 secondi
2025-03-04 13:35:22,348 - DataFrameTools - INFO - Iniziata esecuzione di DataFrameTools.trova_differenze
2025-03-04 13:35:22,401 - DataFrameTools - INFO - Completata esecuzione di DataFrameTools.trova_differenze in 0.0526 secondi
2025-03-04 13:36:58,959 - DataFrameTools - INFO - Iniziata esecuzione di DataFrameTools.create_df_from_lists_ZPMR_CONTROL_FL2
2025-03-04 13:36:59,481 - DataFrameTools - ERROR - Errore TypeError in DataFrameTools.create_df_from_lists_ZPMR_CONTROL_FL2: object of type 'NoneType' has no len()
Traceback (most recent call last):
  File "c:\Users\a259046\OneDrive - Enel Spa\SCRIPT AHK e VBA\GITHUB\FL_Checker_PY\utils\decorators.py", line 46, in wrapper
    result = func(*args, **kwargs)
  File "c:\Users\a259046\OneDrive - Enel Spa\SCRIPT AHK e VBA\GITHUB\FL_Checker_PY\DF_Tools.py", line 428, in create_df_from_lists_ZPMR_CONTROL_FL2
    if all(len(sublist) == 0 for sublist in lists_of_elements):
       ~~~^^^^^^^^^^^^^^^^^^^^^^^^^^^^^^^^^^^^^^^^^^^^^^^^^^^^
  File "c:\Users\a259046\OneDrive - Enel Spa\SCRIPT AHK e VBA\GITHUB\FL_Checker_PY\DF_Tools.py", line 428, in <genexpr>
    if all(len(sublist) == 0 for sublist in lists_of_elements):
           ~~~^^^^^^^^^
TypeError: object of type 'NoneType' has no len()

2025-03-04 13:36:59,483 - DataFrameTools - WARNING - Errore di tipo: object of type 'NoneType' has no len()
2025-03-04 14:05:38,429 - DataFrameTools - INFO - Inizializzazione DataFrameTools
2025-03-04 14:06:32,779 - DataFrameTools - INFO - Iniziata esecuzione di DataFrameTools.add_level_lunghezza
2025-03-04 14:06:34,675 - DataFrameTools - INFO - Completata esecuzione di DataFrameTools.add_level_lunghezza in 1.8779 secondi
2025-03-04 14:06:34,736 - DataFrameTools - INFO - Iniziata esecuzione di DataFrameTools.add_concatenated_column_FL
2025-03-04 14:06:34,849 - DataFrameTools - INFO - Completata esecuzione di DataFrameTools.add_concatenated_column_FL in 0.1118 secondi
2025-03-04 14:06:37,731 - DataFrameTools - INFO - Iniziata esecuzione di DataFrameTools.add_level_lunghezza
2025-03-04 14:06:37,760 - DataFrameTools - INFO - Completata esecuzione di DataFrameTools.add_level_lunghezza in 0.0284 secondi
2025-03-04 14:06:37,761 - DataFrameTools - INFO - Iniziata esecuzione di DataFrameTools.add_concatenated_column_FL
2025-03-04 14:06:37,767 - DataFrameTools - INFO - Completata esecuzione di DataFrameTools.add_concatenated_column_FL in 0.0058 secondi
2025-03-04 14:08:58,625 - DataFrameTools - INFO - Iniziata esecuzione di DataFrameTools.save_dataframe_to_csv
2025-03-04 14:08:58,840 - DataFrameTools - ERROR - Errore TypeError in DataFrameTools.save_dataframe_to_csv: Il parametro df deve essere un DataFrame Pandas valido
Traceback (most recent call last):
  File "c:\Users\a259046\OneDrive - Enel Spa\SCRIPT AHK e VBA\GITHUB\FL_Checker_PY\utils\decorators.py", line 46, in wrapper
    result = func(*args, **kwargs)
  File "c:\Users\a259046\OneDrive - Enel Spa\SCRIPT AHK e VBA\GITHUB\FL_Checker_PY\DF_Tools.py", line 181, in save_dataframe_to_csv
    raise TypeError("Il parametro df deve essere un DataFrame Pandas valido")
TypeError: Il parametro df deve essere un DataFrame Pandas valido

2025-03-04 14:08:58,843 - DataFrameTools - WARNING - Errore di tipo: Il parametro df deve essere un DataFrame Pandas valido
2025-03-04 14:12:20,413 - DataFrameTools - INFO - Inizializzazione DataFrameTools
2025-03-04 14:16:20,189 - DataFrameTools - INFO - Iniziata esecuzione di DataFrameTools.add_level_lunghezza
2025-03-04 14:16:21,063 - DataFrameTools - INFO - Completata esecuzione di DataFrameTools.add_level_lunghezza in 0.8612 secondi
2025-03-04 14:16:21,103 - DataFrameTools - INFO - Iniziata esecuzione di DataFrameTools.add_concatenated_column_FL
2025-03-04 14:16:21,218 - DataFrameTools - INFO - Completata esecuzione di DataFrameTools.add_concatenated_column_FL in 0.1143 secondi
2025-03-04 14:16:23,531 - DataFrameTools - INFO - Iniziata esecuzione di DataFrameTools.add_level_lunghezza
2025-03-04 14:16:23,559 - DataFrameTools - INFO - Completata esecuzione di DataFrameTools.add_level_lunghezza in 0.0274 secondi
2025-03-04 14:16:23,561 - DataFrameTools - INFO - Iniziata esecuzione di DataFrameTools.add_concatenated_column_FL
2025-03-04 14:16:23,568 - DataFrameTools - INFO - Completata esecuzione di DataFrameTools.add_concatenated_column_FL in 0.0062 secondi
2025-03-04 14:20:01,056 - DataFrameTools - INFO - Iniziata esecuzione di DataFrameTools.save_dataframe_to_csv
2025-03-04 14:20:01,089 - DataFrameTools - INFO - Completata esecuzione di DataFrameTools.save_dataframe_to_csv in 0.0279 secondi
2025-03-04 14:20:53,693 - DataFrameTools - INFO - Iniziata esecuzione di DataFrameTools.save_dataframe_to_csv
2025-03-04 14:20:53,706 - DataFrameTools - INFO - Completata esecuzione di DataFrameTools.save_dataframe_to_csv in 0.0116 secondi
2025-03-04 14:20:54,910 - DataFrameTools - INFO - Iniziata esecuzione di DataFrameTools.save_dataframe_to_csv
2025-03-04 14:20:55,291 - DataFrameTools - INFO - Completata esecuzione di DataFrameTools.save_dataframe_to_csv in 0.3796 secondi
2025-03-04 14:20:56,875 - DataFrameTools - INFO - Iniziata esecuzione di DataFrameTools.save_dataframe_to_csv
2025-03-04 14:20:57,372 - DataFrameTools - INFO - Completata esecuzione di DataFrameTools.save_dataframe_to_csv in 0.4949 secondi
2025-03-04 14:21:17,203 - DataFrameTools - INFO - Iniziata esecuzione di DataFrameTools.trova_differenze
2025-03-04 14:21:17,206 - DataFrameTools - INFO - Completata esecuzione di DataFrameTools.trova_differenze in 0.0021 secondi
2025-03-04 14:21:31,023 - DataFrameTools - INFO - Iniziata esecuzione di DataFrameTools.trova_differenze
2025-03-04 14:21:31,028 - DataFrameTools - INFO - Completata esecuzione di DataFrameTools.trova_differenze in 0.0041 secondi
2025-03-04 14:21:48,833 - DataFrameTools - INFO - Iniziata esecuzione di DataFrameTools.trova_differenze
2025-03-04 14:21:48,837 - DataFrameTools - INFO - Completata esecuzione di DataFrameTools.trova_differenze in 0.0033 secondi
2025-03-04 14:21:54,494 - DataFrameTools - INFO - Iniziata esecuzione di DataFrameTools.trova_differenze
2025-03-04 14:21:54,497 - DataFrameTools - INFO - Completata esecuzione di DataFrameTools.trova_differenze in 0.0022 secondi
2025-03-04 14:21:57,039 - DataFrameTools - INFO - Iniziata esecuzione di DataFrameTools.trova_differenze
2025-03-04 14:21:57,046 - DataFrameTools - INFO - Completata esecuzione di DataFrameTools.trova_differenze in 0.0064 secondi
2025-03-04 14:22:02,527 - DataFrameTools - INFO - Iniziata esecuzione di DataFrameTools.trova_differenze
2025-03-04 14:22:02,531 - DataFrameTools - INFO - Completata esecuzione di DataFrameTools.trova_differenze in 0.0032 secondi
2025-03-04 14:22:06,320 - DataFrameTools - INFO - Iniziata esecuzione di DataFrameTools.trova_differenze
2025-03-04 14:22:06,667 - DataFrameTools - INFO - Completata esecuzione di DataFrameTools.trova_differenze in 0.3464 secondi
2025-03-04 14:22:09,984 - DataFrameTools - INFO - Iniziata esecuzione di DataFrameTools.trova_differenze
2025-03-04 14:22:10,219 - DataFrameTools - INFO - Completata esecuzione di DataFrameTools.trova_differenze in 0.2338 secondi
2025-03-04 14:22:50,880 - DataFrameTools - INFO - Iniziata esecuzione di DataFrameTools.create_df_from_lists_ZPMR_CONTROL_FL2
2025-03-04 14:22:50,928 - DataFrameTools - ERROR - Errore TypeError in DataFrameTools.create_df_from_lists_ZPMR_CONTROL_FL2: object of type 'NoneType' has no len()
Traceback (most recent call last):
  File "c:\Users\a259046\OneDrive - Enel Spa\SCRIPT AHK e VBA\GITHUB\FL_Checker_PY\utils\decorators.py", line 46, in wrapper
    result = func(*args, **kwargs)
  File "c:\Users\a259046\OneDrive - Enel Spa\SCRIPT AHK e VBA\GITHUB\FL_Checker_PY\DF_Tools.py", line 428, in create_df_from_lists_ZPMR_CONTROL_FL2
    if all(len(sublist) == 0 for sublist in lists_of_elements):
       ~~~^^^^^^^^^^^^^^^^^^^^^^^^^^^^^^^^^^^^^^^^^^^^^^^^^^^^
  File "c:\Users\a259046\OneDrive - Enel Spa\SCRIPT AHK e VBA\GITHUB\FL_Checker_PY\DF_Tools.py", line 428, in <genexpr>
    if all(len(sublist) == 0 for sublist in lists_of_elements):
           ~~~^^^^^^^^^
TypeError: object of type 'NoneType' has no len()

2025-03-04 14:22:50,930 - DataFrameTools - WARNING - Errore di tipo: object of type 'NoneType' has no len()
2025-03-04 14:33:26,508 - DataFrameTools - INFO - Inizializzazione DataFrameTools
2025-03-04 14:33:59,887 - DataFrameTools - INFO - Iniziata esecuzione di DataFrameTools.add_level_lunghezza
2025-03-04 14:34:00,622 - DataFrameTools - INFO - Completata esecuzione di DataFrameTools.add_level_lunghezza in 0.7345 secondi
2025-03-04 14:34:00,706 - DataFrameTools - INFO - Iniziata esecuzione di DataFrameTools.add_concatenated_column_FL
2025-03-04 14:34:00,811 - DataFrameTools - INFO - Completata esecuzione di DataFrameTools.add_concatenated_column_FL in 0.1041 secondi
2025-03-04 14:34:03,526 - DataFrameTools - INFO - Iniziata esecuzione di DataFrameTools.add_level_lunghezza
2025-03-04 14:34:03,553 - DataFrameTools - INFO - Completata esecuzione di DataFrameTools.add_level_lunghezza in 0.0263 secondi
2025-03-04 14:34:03,556 - DataFrameTools - INFO - Iniziata esecuzione di DataFrameTools.add_concatenated_column_FL
2025-03-04 14:34:03,564 - DataFrameTools - INFO - Completata esecuzione di DataFrameTools.add_concatenated_column_FL in 0.0066 secondi
2025-03-04 14:34:45,089 - DataFrameTools - INFO - Iniziata esecuzione di DataFrameTools.load_dataframes_from_csv
2025-03-04 14:34:45,484 - DataFrameTools - INFO - Completata esecuzione di DataFrameTools.load_dataframes_from_csv in 0.3922 secondi
2025-03-04 15:08:53,053 - DataFrameTools - INFO - Inizializzazione DataFrameTools
2025-03-04 15:09:38,032 - DataFrameTools - INFO - Iniziata esecuzione di DataFrameTools.add_level_lunghezza
2025-03-04 15:09:38,796 - DataFrameTools - INFO - Completata esecuzione di DataFrameTools.add_level_lunghezza in 0.7624 secondi
2025-03-04 15:09:38,823 - DataFrameTools - INFO - Iniziata esecuzione di DataFrameTools.add_concatenated_column_FL
2025-03-04 15:09:38,915 - DataFrameTools - INFO - Completata esecuzione di DataFrameTools.add_concatenated_column_FL in 0.0915 secondi
2025-03-04 15:09:41,599 - DataFrameTools - INFO - Iniziata esecuzione di DataFrameTools.add_level_lunghezza
2025-03-04 15:09:41,624 - DataFrameTools - INFO - Completata esecuzione di DataFrameTools.add_level_lunghezza in 0.0246 secondi
2025-03-04 15:09:41,625 - DataFrameTools - INFO - Iniziata esecuzione di DataFrameTools.add_concatenated_column_FL
2025-03-04 15:09:41,629 - DataFrameTools - INFO - Completata esecuzione di DataFrameTools.add_concatenated_column_FL in 0.0030 secondi
2025-03-04 15:10:16,814 - DataFrameTools - INFO - Iniziata esecuzione di DataFrameTools.load_dataframes_from_csv
2025-03-04 15:10:17,132 - DataFrameTools - INFO - Completata esecuzione di DataFrameTools.load_dataframes_from_csv in 0.3177 secondi
2025-03-04 15:11:09,731 - DataFrameTools - INFO - Iniziata esecuzione di DataFrameTools.trova_differenze
2025-03-04 15:11:09,734 - DataFrameTools - INFO - Completata esecuzione di DataFrameTools.trova_differenze in 0.0019 secondi
2025-03-04 15:11:25,533 - DataFrameTools - INFO - Iniziata esecuzione di DataFrameTools.trova_differenze
2025-03-04 15:11:25,539 - DataFrameTools - INFO - Completata esecuzione di DataFrameTools.trova_differenze in 0.0045 secondi
2025-03-04 15:11:43,438 - DataFrameTools - INFO - Iniziata esecuzione di DataFrameTools.trova_differenze
2025-03-04 15:11:43,456 - DataFrameTools - INFO - Completata esecuzione di DataFrameTools.trova_differenze in 0.0177 secondi
2025-03-04 15:11:45,517 - DataFrameTools - INFO - Iniziata esecuzione di DataFrameTools.trova_differenze
2025-03-04 15:11:45,521 - DataFrameTools - INFO - Completata esecuzione di DataFrameTools.trova_differenze in 0.0033 secondi
2025-03-04 15:11:47,374 - DataFrameTools - INFO - Iniziata esecuzione di DataFrameTools.trova_differenze
2025-03-04 15:11:47,381 - DataFrameTools - INFO - Completata esecuzione di DataFrameTools.trova_differenze in 0.0063 secondi
2025-03-04 15:11:49,038 - DataFrameTools - INFO - Iniziata esecuzione di DataFrameTools.trova_differenze
2025-03-04 15:11:49,042 - DataFrameTools - INFO - Completata esecuzione di DataFrameTools.trova_differenze in 0.0031 secondi
2025-03-04 15:11:54,799 - DataFrameTools - INFO - Iniziata esecuzione di DataFrameTools.trova_differenze
2025-03-04 15:11:55,140 - DataFrameTools - INFO - Completata esecuzione di DataFrameTools.trova_differenze in 0.3402 secondi
2025-03-04 15:12:04,749 - DataFrameTools - INFO - Iniziata esecuzione di DataFrameTools.trova_differenze
2025-03-04 15:12:04,978 - DataFrameTools - INFO - Completata esecuzione di DataFrameTools.trova_differenze in 0.2286 secondi
2025-03-04 15:15:57,054 - DataFrameTools - INFO - Iniziata esecuzione di DataFrameTools.create_df_from_lists_ZPMR_CONTROL_FL2
2025-03-04 15:15:57,182 - DataFrameTools - INFO - Completata esecuzione di DataFrameTools.create_df_from_lists_ZPMR_CONTROL_FL2 in 0.1131 secondi
2025-03-04 15:16:25,074 - DataFrameTools - INFO - Iniziata esecuzione di DataFrameTools.save_dataframe_to_csv
2025-03-04 15:16:25,134 - DataFrameTools - INFO - Completata esecuzione di DataFrameTools.save_dataframe_to_csv in 0.0597 secondi
2025-03-04 15:19:12,266 - DataFrameTools - INFO - Iniziata esecuzione di DataFrameTools.create_df_from_lists_ZPMR_CONTROL_FLn
2025-03-04 15:19:20,070 - DataFrameTools - ERROR - Errore ValueError in DataFrameTools.create_df_from_lists_ZPMR_CONTROL_FLn: Tutte le liste in lists_of_elements sono vuote o None
Traceback (most recent call last):
  File "c:\Users\a259046\OneDrive - Enel Spa\SCRIPT AHK e VBA\GITHUB\FL_Checker_PY\utils\decorators.py", line 46, in wrapper
    result = func(*args, **kwargs)
  File "c:\Users\a259046\OneDrive - Enel Spa\SCRIPT AHK e VBA\GITHUB\FL_Checker_PY\DF_Tools.py", line 265, in create_df_from_lists_ZPMR_CONTROL_FLn
    raise ValueError("Tutte le liste in lists_of_elements sono vuote o None")
ValueError: Tutte le liste in lists_of_elements sono vuote o None

2025-03-04 15:19:20,947 - DataFrameTools - WARNING - Errore di validazione: Tutte le liste in lists_of_elements sono vuote o None
2025-03-07 00:05:36,589 - DataFrameTools - INFO - Inizializzazione DataFrameTools
2025-03-07 00:06:01,289 - DataFrameTools - INFO - Iniziata esecuzione di DataFrameTools.add_level_lunghezza
2025-03-07 00:06:01,588 - DataFrameTools - INFO - Completata esecuzione di DataFrameTools.add_level_lunghezza in 0.2980 secondi
2025-03-07 00:06:01,616 - DataFrameTools - INFO - Iniziata esecuzione di DataFrameTools.add_concatenated_column_FL
2025-03-07 00:06:01,656 - DataFrameTools - INFO - Completata esecuzione di DataFrameTools.add_concatenated_column_FL in 0.0394 secondi
2025-03-07 00:06:13,431 - DataFrameTools - INFO - Iniziata esecuzione di DataFrameTools.add_level_lunghezza
2025-03-07 00:06:13,463 - DataFrameTools - INFO - Completata esecuzione di DataFrameTools.add_level_lunghezza in 0.0309 secondi
2025-03-07 00:06:13,464 - DataFrameTools - INFO - Iniziata esecuzione di DataFrameTools.add_concatenated_column_FL
2025-03-07 00:06:13,471 - DataFrameTools - INFO - Completata esecuzione di DataFrameTools.add_concatenated_column_FL in 0.0067 secondi
2025-03-07 00:12:44,568 - DataFrameTools - INFO - Inizializzazione DataFrameTools
2025-03-07 00:12:58,670 - DataFrameTools - INFO - Iniziata esecuzione di DataFrameTools.add_level_lunghezza
2025-03-07 00:12:58,962 - DataFrameTools - INFO - Completata esecuzione di DataFrameTools.add_level_lunghezza in 0.2913 secondi
2025-03-07 00:12:58,987 - DataFrameTools - INFO - Iniziata esecuzione di DataFrameTools.add_concatenated_column_FL
2025-03-07 00:12:59,041 - DataFrameTools - INFO - Completata esecuzione di DataFrameTools.add_concatenated_column_FL in 0.0528 secondi
2025-03-07 00:33:16,466 - DataFrameTools - INFO - Inizializzazione DataFrameTools
2025-03-07 00:33:26,818 - DataFrameTools - INFO - Iniziata esecuzione di DataFrameTools.add_level_lunghezza
2025-03-07 00:33:27,243 - DataFrameTools - INFO - Completata esecuzione di DataFrameTools.add_level_lunghezza in 0.4232 secondi
2025-03-07 00:33:27,293 - DataFrameTools - INFO - Iniziata esecuzione di DataFrameTools.add_concatenated_column_FL
2025-03-07 00:33:27,358 - DataFrameTools - INFO - Completata esecuzione di DataFrameTools.add_concatenated_column_FL in 0.0620 secondi
2025-03-07 00:34:14,046 - DataFrameTools - INFO - Inizializzazione DataFrameTools
2025-03-07 00:34:23,772 - DataFrameTools - INFO - Iniziata esecuzione di DataFrameTools.add_level_lunghezza
2025-03-07 00:34:24,114 - DataFrameTools - INFO - Completata esecuzione di DataFrameTools.add_level_lunghezza in 0.3414 secondi
2025-03-07 00:34:24,141 - DataFrameTools - INFO - Iniziata esecuzione di DataFrameTools.add_concatenated_column_FL
2025-03-07 00:34:24,182 - DataFrameTools - INFO - Completata esecuzione di DataFrameTools.add_concatenated_column_FL in 0.0397 secondi
2025-03-07 00:43:18,054 - DataFrameTools - INFO - Inizializzazione DataFrameTools
2025-03-07 00:43:43,682 - DataFrameTools - INFO - Iniziata esecuzione di DataFrameTools.add_level_lunghezza
2025-03-07 00:43:44,295 - DataFrameTools - INFO - Completata esecuzione di DataFrameTools.add_level_lunghezza in 0.6119 secondi
2025-03-07 00:43:44,369 - DataFrameTools - INFO - Iniziata esecuzione di DataFrameTools.add_concatenated_column_FL
2025-03-07 00:43:44,445 - DataFrameTools - INFO - Completata esecuzione di DataFrameTools.add_concatenated_column_FL in 0.0739 secondi
2025-03-07 00:45:14,703 - DataFrameTools - INFO - Iniziata esecuzione di DataFrameTools.add_level_lunghezza
2025-03-07 00:45:14,793 - DataFrameTools - INFO - Completata esecuzione di DataFrameTools.add_level_lunghezza in 0.0859 secondi
2025-03-07 00:45:14,793 - DataFrameTools - INFO - Iniziata esecuzione di DataFrameTools.add_concatenated_column_FL
2025-03-07 00:45:14,817 - DataFrameTools - INFO - Completata esecuzione di DataFrameTools.add_concatenated_column_FL in 0.0232 secondi
2025-03-07 00:49:25,352 - DataFrameTools - INFO - Inizializzazione DataFrameTools
2025-03-07 00:49:40,164 - DataFrameTools - INFO - Iniziata esecuzione di DataFrameTools.add_level_lunghezza
2025-03-07 00:49:40,684 - DataFrameTools - INFO - Completata esecuzione di DataFrameTools.add_level_lunghezza in 0.5182 secondi
2025-03-07 00:49:40,777 - DataFrameTools - INFO - Iniziata esecuzione di DataFrameTools.add_concatenated_column_FL
2025-03-07 00:49:40,842 - DataFrameTools - INFO - Completata esecuzione di DataFrameTools.add_concatenated_column_FL in 0.0594 secondi
2025-03-07 00:49:59,901 - DataFrameTools - INFO - Iniziata esecuzione di DataFrameTools.add_level_lunghezza
2025-03-07 00:50:00,071 - DataFrameTools - INFO - Completata esecuzione di DataFrameTools.add_level_lunghezza in 0.1656 secondi
2025-03-07 00:50:00,073 - DataFrameTools - INFO - Iniziata esecuzione di DataFrameTools.add_concatenated_column_FL
2025-03-07 00:50:00,118 - DataFrameTools - INFO - Completata esecuzione di DataFrameTools.add_concatenated_column_FL in 0.0416 secondi
2025-03-07 00:51:03,089 - DataFrameTools - INFO - Inizializzazione DataFrameTools
2025-03-07 00:51:25,313 - DataFrameTools - INFO - Iniziata esecuzione di DataFrameTools.add_level_lunghezza
2025-03-07 00:51:26,963 - DataFrameTools - INFO - Completata esecuzione di DataFrameTools.add_level_lunghezza in 1.5686 secondi
2025-03-07 00:51:27,587 - DataFrameTools - INFO - Iniziata esecuzione di DataFrameTools.add_concatenated_column_FL
2025-03-07 00:51:27,651 - DataFrameTools - INFO - Completata esecuzione di DataFrameTools.add_concatenated_column_FL in 0.0625 secondi
2025-03-07 00:51:31,184 - DataFrameTools - INFO - Iniziata esecuzione di DataFrameTools.add_level_lunghezza
2025-03-07 00:51:31,220 - DataFrameTools - INFO - Completata esecuzione di DataFrameTools.add_level_lunghezza in 0.0349 secondi
2025-03-07 00:51:31,222 - DataFrameTools - INFO - Iniziata esecuzione di DataFrameTools.add_concatenated_column_FL
2025-03-07 00:51:31,226 - DataFrameTools - INFO - Completata esecuzione di DataFrameTools.add_concatenated_column_FL in 0.0039 secondi
2025-03-07 00:53:49,778 - DataFrameTools - INFO - Inizializzazione DataFrameTools
2025-03-07 00:53:59,283 - DataFrameTools - INFO - Iniziata esecuzione di DataFrameTools.add_level_lunghezza
2025-03-07 00:53:59,682 - DataFrameTools - INFO - Completata esecuzione di DataFrameTools.add_level_lunghezza in 0.3972 secondi
2025-03-07 00:53:59,710 - DataFrameTools - INFO - Iniziata esecuzione di DataFrameTools.add_concatenated_column_FL
2025-03-07 00:53:59,759 - DataFrameTools - INFO - Completata esecuzione di DataFrameTools.add_concatenated_column_FL in 0.0486 secondi
2025-03-07 00:54:01,964 - DataFrameTools - INFO - Iniziata esecuzione di DataFrameTools.add_level_lunghezza
2025-03-07 00:54:02,006 - DataFrameTools - INFO - Completata esecuzione di DataFrameTools.add_level_lunghezza in 0.0405 secondi
2025-03-07 00:54:02,008 - DataFrameTools - INFO - Iniziata esecuzione di DataFrameTools.add_concatenated_column_FL
2025-03-07 00:54:02,015 - DataFrameTools - INFO - Completata esecuzione di DataFrameTools.add_concatenated_column_FL in 0.0058 secondi
2025-03-07 00:59:27,716 - DataFrameTools - INFO - Inizializzazione DataFrameTools
2025-03-07 00:59:52,216 - DataFrameTools - INFO - Iniziata esecuzione di DataFrameTools.add_level_lunghezza
2025-03-07 00:59:52,821 - DataFrameTools - INFO - Completata esecuzione di DataFrameTools.add_level_lunghezza in 0.5895 secondi
2025-03-07 00:59:52,878 - DataFrameTools - INFO - Iniziata esecuzione di DataFrameTools.add_concatenated_column_FL
2025-03-07 00:59:52,951 - DataFrameTools - INFO - Completata esecuzione di DataFrameTools.add_concatenated_column_FL in 0.0720 secondi
2025-03-07 00:59:58,187 - DataFrameTools - INFO - Iniziata esecuzione di DataFrameTools.add_level_lunghezza
2025-03-07 00:59:58,218 - DataFrameTools - INFO - Completata esecuzione di DataFrameTools.add_level_lunghezza in 0.0298 secondi
2025-03-07 00:59:58,218 - DataFrameTools - INFO - Iniziata esecuzione di DataFrameTools.add_concatenated_column_FL
2025-03-07 00:59:58,224 - DataFrameTools - INFO - Completata esecuzione di DataFrameTools.add_concatenated_column_FL in 0.0049 secondi
2025-03-07 01:03:38,967 - DataFrameTools - INFO - Inizializzazione DataFrameTools
2025-03-07 01:03:50,650 - DataFrameTools - INFO - Iniziata esecuzione di DataFrameTools.add_level_lunghezza
2025-03-07 01:03:51,039 - DataFrameTools - INFO - Completata esecuzione di DataFrameTools.add_level_lunghezza in 0.3874 secondi
2025-03-07 01:03:51,066 - DataFrameTools - INFO - Iniziata esecuzione di DataFrameTools.add_concatenated_column_FL
2025-03-07 01:03:51,113 - DataFrameTools - INFO - Completata esecuzione di DataFrameTools.add_concatenated_column_FL in 0.0461 secondi
2025-03-07 01:03:54,110 - DataFrameTools - INFO - Iniziata esecuzione di DataFrameTools.add_level_lunghezza
2025-03-07 01:03:54,169 - DataFrameTools - INFO - Completata esecuzione di DataFrameTools.add_level_lunghezza in 0.0581 secondi
2025-03-07 01:03:54,170 - DataFrameTools - INFO - Iniziata esecuzione di DataFrameTools.add_concatenated_column_FL
2025-03-07 01:03:54,176 - DataFrameTools - INFO - Completata esecuzione di DataFrameTools.add_concatenated_column_FL in 0.0051 secondi
2025-03-07 01:08:13,651 - DataFrameTools - INFO - Inizializzazione DataFrameTools
2025-03-07 01:08:23,735 - DataFrameTools - INFO - Iniziata esecuzione di DataFrameTools.add_level_lunghezza
2025-03-07 01:08:24,144 - DataFrameTools - INFO - Completata esecuzione di DataFrameTools.add_level_lunghezza in 0.4082 secondi
2025-03-07 01:08:24,174 - DataFrameTools - INFO - Iniziata esecuzione di DataFrameTools.add_concatenated_column_FL
2025-03-07 01:08:24,245 - DataFrameTools - INFO - Completata esecuzione di DataFrameTools.add_concatenated_column_FL in 0.0701 secondi
2025-03-07 01:08:26,543 - DataFrameTools - INFO - Iniziata esecuzione di DataFrameTools.add_level_lunghezza
2025-03-07 01:08:26,570 - DataFrameTools - INFO - Completata esecuzione di DataFrameTools.add_level_lunghezza in 0.0256 secondi
2025-03-07 01:08:26,571 - DataFrameTools - INFO - Iniziata esecuzione di DataFrameTools.add_concatenated_column_FL
2025-03-07 01:08:26,576 - DataFrameTools - INFO - Completata esecuzione di DataFrameTools.add_concatenated_column_FL in 0.0040 secondi
